生成启动时间为 2019/12/23 18:59:33。
     1>项目“F:\程序\OScode3\OScode3\OScode3.vcxproj”在节点 2 上(Build 个目标)。
     1>ClCompile:
         E:\vss\vis\VC\bin\CL.exe /c /I"E:\vss\内存泄漏检查工具\新建文件夹\Visual Leak Detector\include" /ZI /nologo /W3 /WX- /sdl /Od /Oy- /D _MBCS /Gm /EHsc /RTC1 /MDd /GS /fp:precise /Zc:wchar_t /Zc:forScope /Fo"Debug\\" /Fd"Debug\vc120.pdb" /Gd /TP /analyze- /errorReport:prompt test.cpp
         test.cpp
     1>f:\程序\oscode3\oscode3\test.cpp(45): warning C4018: “<”: 有符号/无符号不匹配
     1>f:\程序\oscode3\oscode3\test.cpp(53): warning C4018: “<”: 有符号/无符号不匹配
     1>f:\程序\oscode3\oscode3\test.cpp(56): warning C4018: “<”: 有符号/无符号不匹配
     1>f:\程序\oscode3\oscode3\test.cpp(63): warning C4018: “<”: 有符号/无符号不匹配
     1>f:\程序\oscode3\oscode3\test.cpp(69): warning C4018: “<”: 有符号/无符号不匹配
     1>f:\程序\oscode3\oscode3\test.cpp(156): warning C4018: “<”: 有符号/无符号不匹配
     1>f:\程序\oscode3\oscode3\test.cpp(164): warning C4018: “<”: 有符号/无符号不匹配
     1>f:\程序\oscode3\oscode3\test.cpp(172): warning C4018: “<”: 有符号/无符号不匹配
     1>f:\程序\oscode3\oscode3\test.cpp(197): warning C4018: “<”: 有符号/无符号不匹配
     1>f:\程序\oscode3\oscode3\test.cpp(200): warning C4018: “<”: 有符号/无符号不匹配
     1>f:\程序\oscode3\oscode3\test.cpp(204): warning C4018: “<”: 有符号/无符号不匹配
     1>f:\程序\oscode3\oscode3\test.cpp(213): warning C4553: “==”: 运算符不起任何作用；是否是有意使用“=”的?
     1>f:\程序\oscode3\oscode3\test.cpp(214): warning C4018: “<”: 有符号/无符号不匹配
       Link:
         E:\vss\vis\VC\bin\link.exe /ERRORREPORT:PROMPT /OUT:"F:\程序\OScode3\Debug\OScode3.exe" /INCREMENTAL /NOLOGO /LIBPATH:"E:\vss\内存泄漏检查工具\新建文件夹\Visual Leak Detector\lib\Win32" kernel32.lib user32.lib gdi32.lib winspool.lib comdlg32.lib advapi32.lib shell32.lib ole32.lib oleaut32.lib uuid.lib odbc32.lib odbccp32.lib /MANIFEST /MANIFESTUAC:"level='asInvoker' uiAccess='false'" /manifest:embed /DEBUG /PDB:"F:\程序\OScode3\Debug\OScode3.pdb" /TLBID:1 /DYNAMICBASE /NXCOMPAT /IMPLIB:"F:\程序\OScode3\Debug\OScode3.lib" /MACHINE:X86 Debug\test.obj
         OScode3.vcxproj -> F:\程序\OScode3\Debug\OScode3.exe
     1>已完成生成项目“F:\程序\OScode3\OScode3\OScode3.vcxproj”(Build 个目标)的操作。

生成成功。

已用时间 00:00:01.40
