生成启动时间为 2020/2/16 16:54:39。
     1>项目“F:\程序\fileManger\fileManger\fileManger.vcxproj”在节点 2 上(Rebuild 个目标)。
     1>ClCompile:
         E:\vss\vis\VC\bin\CL.exe /c /I"E:\vss\内存泄漏检查工具\新建文件夹\Visual Leak Detector\include" /ZI /nologo /W3 /WX- /sdl /Od /Oy- /D _MBCS /Gm /EHsc /RTC1 /MDd /GS /fp:precise /Zc:wchar_t /Zc:forScope /Fo"Debug\\" /Fd"Debug\vc120.pdb" /Gd /TP /analyze- /errorReport:prompt fileManager.cpp fileManagerTool.cpp fileutil.cpp md5.cpp test.cpp
         test.cpp
         md5.cpp
     1>f:\程序\filemanger\filemanger\md5.cpp(40): warning C4244: “=”: 从“unsigned __int64”转换到“uint32”，可能丢失数据
     1>f:\程序\filemanger\filemanger\md5.cpp(102): warning C4309: “=”: 截断常量值
     1>f:\程序\filemanger\filemanger\md5.cpp(155): warning C4244: “初始化”: 从“unsigned __int64”转换到“uint32”，可能丢失数据
     1>f:\程序\filemanger\filemanger\md5.cpp(158): warning C4018: “<”: 有符号/无符号不匹配
     1>f:\程序\filemanger\filemanger\md5.cpp(199): warning C4244: “=”: 从“std::streamsize”转换到“uint32”，可能丢失数据
         fileutil.cpp
         fileManagerTool.cpp
         fileManager.cpp
         正在生成代码...
       Link:
         E:\vss\vis\VC\bin\link.exe /ERRORREPORT:PROMPT /OUT:"F:\程序\fileManger\Debug\fileManger.exe" /INCREMENTAL /NOLOGO /LIBPATH:"E:\vss\内存泄漏检查工具\新建文件夹\Visual Leak Detector\lib\Win32" kernel32.lib user32.lib gdi32.lib winspool.lib comdlg32.lib advapi32.lib shell32.lib ole32.lib oleaut32.lib uuid.lib odbc32.lib odbccp32.lib /MANIFEST /MANIFESTUAC:"level='asInvoker' uiAccess='false'" /manifest:embed /DEBUG /PDB:"F:\程序\fileManger\Debug\fileManger.pdb" /TLBID:1 /DYNAMICBASE /NXCOMPAT /IMPLIB:"F:\程序\fileManger\Debug\fileManger.lib" /MACHINE:X86 Debug\fileManager.obj
         Debug\fileManagerTool.obj
         Debug\fileutil.obj
         Debug\md5.obj
         Debug\test.obj
         fileManger.vcxproj -> F:\程序\fileManger\Debug\fileManger.exe
     1>已完成生成项目“F:\程序\fileManger\fileManger\fileManger.vcxproj”(Rebuild 个目标)的操作。

生成成功。

已用时间 00:00:02.73
